<?xml version="1.0" encoding="UTF-8"?>
<!-- Generated by org.testng.reporters.JUnitReportReporter -->
<testsuite hostname="DESKTOP-BVGCRPN" failures="0" tests="2" name="crossbrowser.Cross_browser" time="52.932" errors="0" timestamp="2023-05-10T15:58:16 IST" skipped="0">
  <testcase classname="crossbrowser.Cross_browser" name="testParameterWithXMl" time="26.113"/>
  <system-out/>
  <testcase classname="crossbrowser.Cross_browser" name="testParameterWithXMl" time="26.819"/>
  <system-out/>
</testsuite> <!-- crossbrowser.Cross_browser -->
