<?xml version="1.0" encoding="UTF-8"?>
<!-- Generated by org.testng.reporters.JUnitReportReporter -->
<testsuite hostname="DESKTOP-BVGCRPN" failures="0" tests="1" name="POM.TestClass" time="14.874" errors="0" timestamp="2023-05-18T18:24:34 IST" skipped="0">
  <testcase classname="POM.TestClass" name="init" time="14.874"/>
  <system-out/>
</testsuite> <!-- POM.TestClass -->
